2024-04-14 22:11:39,360: INFO: ******************* Test001 Login ************************
2024-04-14 22:11:39,362: INFO: ******************** Testing login page  *****************************
2024-04-14 22:11:45,601: INFO: Checking current page url
2024-04-14 22:11:45,601: INFO: *****************Test case Passed****************
2024-04-14 22:11:45,601: INFO: Screenshot saved....
2024-04-14 22:11:45,887: INFO: Webdiver closing....
2024-04-14 22:13:03,470: INFO: ******************* Test001 Login ************************
2024-04-14 22:13:03,470: INFO: ******************** Testing login page  *****************************
2024-04-14 22:13:08,667: INFO: Checking current page url
2024-04-14 22:13:08,667: INFO: *****************Test case Passed****************
2024-04-14 22:13:08,667: INFO: Screenshot saved....
2024-04-14 22:13:08,988: INFO: Webdiver closing....
2024-04-14 22:18:16,241: INFO: ******************* Test001 Login ************************
2024-04-14 22:18:16,241: INFO: ******************** Testing login page  *****************************
2024-04-14 22:18:21,406: INFO: Checking current page url
2024-04-14 22:18:21,406: INFO: *****************Test case Passed****************
2024-04-14 22:18:21,406: INFO: Screenshot saved....
2024-04-14 22:18:21,760: INFO: Webdiver closing....
2024-04-14 22:53:27,813: INFO: ******************* Test001 Login ************************
2024-04-14 22:53:27,814: INFO: ******************** Testing login page  *****************************
2024-04-14 22:53:32,979: INFO: Checking current page url
2024-04-14 22:53:32,979: INFO: *****************Test case Passed****************
2024-04-14 22:53:32,979: INFO: Screenshot saved....
2024-04-14 22:53:33,348: INFO: Webdiver closing....
2024-04-14 22:56:25,232: INFO: ******************* Test001 Login ************************
2024-04-14 22:56:25,233: INFO: ******************** Testing login page  *****************************
2024-04-14 22:56:36,537: INFO: Checking current page url
2024-04-14 22:56:36,538: INFO: *****************Test case Passed****************
2024-04-14 22:56:36,538: INFO: Screenshot saved....
2024-04-14 22:56:36,644: INFO: Webdiver closing....
2024-04-14 23:02:04,800: INFO: ******************* Test001 Login ************************
2024-04-14 23:02:04,800: INFO: ******************** Testing login page  *****************************
2024-04-14 23:02:10,442: INFO: Checking current page url
2024-04-14 23:02:10,442: INFO: *****************Test case Passed****************
2024-04-14 23:02:10,442: INFO: Screenshot saved....
2024-04-14 23:02:10,652: INFO: Webdiver closing....
2024-04-14 23:07:13,632: INFO: ******************* Test001 Login ************************
2024-04-14 23:07:13,633: INFO: ******************** Testing login page  *****************************
2024-04-14 23:07:15,863: INFO: Checking current page url
2024-04-14 23:07:15,863: INFO: *****************Test case Passed****************
2024-04-14 23:07:15,863: INFO: Screenshot saved....
2024-04-14 23:07:16,243: INFO: Webdiver closing....
2024-04-14 23:29:18,626: INFO: ******************* Test001 Login ************************
2024-04-14 23:29:18,626: INFO: ******************** Testing login page  *****************************
2024-04-14 23:29:19,285: INFO: Checking current page url
2024-04-14 23:29:19,285: INFO: *****************Test case Passed****************
2024-04-14 23:29:19,285: INFO: Screenshot saved....
2024-04-14 23:29:21,016: INFO: Webdiver closing....
2024-04-14 23:37:02,848: INFO: ******************* Test001 Login ************************
2024-04-14 23:37:02,848: INFO: ******************** Testing login page  *****************************
2024-04-14 23:37:04,900: INFO: Checking current page url
2024-04-14 23:47:38,259: INFO: ******************* Test001 Login ************************
2024-04-14 23:47:38,259: INFO: ******************** Testing login page  *****************************
2024-04-14 23:47:42,573: INFO: Checking current page url
2024-04-14 23:50:30,945: INFO: ******************* Test001 Login ************************
2024-04-14 23:50:30,945: INFO: ******************** Testing login page  *****************************
2024-04-14 23:50:36,863: INFO: Checking current page url
2024-04-14 23:58:39,691: INFO: ******************* Test001 Login ************************
2024-04-14 23:58:39,691: INFO: ******************** Testing login page  *****************************
2024-04-14 23:58:42,690: INFO: Checking current page url
2024-04-15 00:08:49,917: INFO: ******************* Test001 Login ************************
2024-04-15 00:08:49,917: INFO: ******************** Testing login page  *****************************
2024-04-15 00:08:52,124: INFO: Checking current page url
2024-04-15 00:37:27,335: INFO: ******************* Test001 Login ************************
2024-04-15 00:37:27,336: INFO: ******************** Testing login page  *****************************
2024-04-15 00:37:29,240: INFO: Checking current page url
2024-04-15 17:18:03,933: INFO: ******************* Test001 Login ************************
2024-04-15 17:18:03,934: INFO: ******************** Testing login page  *****************************
2024-04-15 17:18:05,687: INFO: Checking current page url
2024-04-15 18:53:13,571: INFO: ******************* Test001 Login ************************
2024-04-15 18:53:13,571: INFO: ******************** Testing login page  *****************************
2024-04-15 18:53:15,811: INFO: Checking current page url
2024-04-15 19:08:10,354: INFO: ******************* Test001 Login ************************
2024-04-15 19:08:10,354: INFO: ******************** Testing login page  *****************************
2024-04-15 19:08:12,113: INFO: Checking current page url
2024-04-15 19:23:35,981: INFO: ******************* Test001 Login ************************
2024-04-15 19:23:35,982: INFO: ******************** Testing login page  *****************************
